#! /usr/bin/vvp
:ivl_version "10.3 (stable)" "(v10_3)";
:ivl_delay_selection "TYPICAL";
:vpi_time_precision + 0;
:vpi_module "system";
:vpi_module "vhdl_sys";
:vpi_module "v2005_math";
:vpi_module "va_math";
S_0x55c35aab07a0 .scope module, "endgate_tb" "endgate_tb" 2 1;
 .timescale 0 0;
v0x55c35aac06d0_0 .var "t_a", 0 0;
v0x55c35aac07a0_0 .var "t_b", 0 0;
v0x55c35aac0870_0 .net "t_y", 0 0, L_0x55c35aac0970;  1 drivers
S_0x55c35aab0920 .scope module, "my_gate" "andgate" 2 4, 3 1 0, S_0x55c35aab07a0;
 .timescale 0 0;
    .port_info 0 /INPUT 1 "a"
    .port_info 1 /INPUT 1 "b"
    .port_info 2 /OUTPUT 1 "y"
L_0x55c35aac0970 .functor AND 1, v0x55c35aac06d0_0, v0x55c35aac07a0_0, C4<1>, C4<1>;
v0x55c35aa7b060_0 .net "a", 0 0, v0x55c35aac06d0_0;  1 drivers
v0x55c35aac04f0_0 .net "b", 0 0, v0x55c35aac07a0_0;  1 drivers
v0x55c35aac05b0_0 .net "y", 0 0, L_0x55c35aac0970;  alias, 1 drivers
    .scope S_0x55c35aab07a0;
T_0 ;
    %vpi_call 2 9 "$monitor", v0x55c35aac06d0_0, " ", v0x55c35aac07a0_0, " ", v0x55c35aac0870_0 {0 0 0};
    %pushi/vec4 0, 0, 1;
    %store/vec4 v0x55c35aac06d0_0, 0, 1;
    %pushi/vec4 0, 0, 1;
    %store/vec4 v0x55c35aac07a0_0, 0, 1;
    %delay 5, 0;
    %pushi/vec4 0, 0, 1;
    %store/vec4 v0x55c35aac06d0_0, 0, 1;
    %pushi/vec4 1, 0, 1;
    %store/vec4 v0x55c35aac07a0_0, 0, 1;
    %delay 5, 0;
    %pushi/vec4 1, 0, 1;
    %store/vec4 v0x55c35aac06d0_0, 0, 1;
    %pushi/vec4 0, 0, 1;
    %store/vec4 v0x55c35aac07a0_0, 0, 1;
    %delay 5, 0;
    %pushi/vec4 1, 0, 1;
    %store/vec4 v0x55c35aac06d0_0, 0, 1;
    %pushi/vec4 1, 0, 1;
    %store/vec4 v0x55c35aac07a0_0, 0, 1;
    %end;
    .thread T_0;
# The file index is used to find the file name in the following table.
:file_names 4;
    "N/A";
    "<interactive>";
    "andgate_tb.v";
    "and.v";
